{"/Users/macbookair2017/Documents/vzy_test/src/config/index.ts": {"path":"/Users/macbookair2017/Documents/vzy_test/src/config/index.ts","statementMap":{"0":{"start":{"line":1,"column":0},"end":{"line":1,"column":32}},"1":{"start":{"line":2,"column":0},"end":{"line":2,"column":66}},"2":{"start":{"line":4,"column":13},"end":{"line":4,"column":62}},"3":{"start":{"line":6,"column":13},"end":{"line":6,"column":55}},"4":{"start":{"line":7,"column":13},"end":{"line":7,"column":61}},"5":{"start":{"line":8,"column":13},"end":{"line":8,"column":63}},"6":{"start":{"line":9,"column":13},"end":{"line":9,"column":59}},"7":{"start":{"line":10,"column":13},"end":{"line":10,"column":51}},"8":{"start":{"line":11,"column":13},"end":{"line":11,"column":53}},"9":{"start":{"line":12,"column":13},"end":{"line":12,"column":59}}},"fnMap":{},"branchMap":{"0":{"loc":{"start":{"line":2,"column":23},"end":{"line":2,"column":60}},"type":"binary-expr","locations":[{"start":{"line":2,"column":23},"end":{"line":2,"column":43}},{"start":{"line":2,"column":47},"end":{"line":2,"column":60}}]}},"s":{"0":1,"1":1,"2":1,"3":1,"4":1,"5":1,"6":1,"7":1,"8":1,"9":1},"f":{},"b":{"0":[1,0]}}
,"/Users/macbookair2017/Documents/vzy_test/src/controllers/auth.controller.ts": {"path":"/Users/macbookair2017/Documents/vzy_test/src/controllers/auth.controller.ts","statementMap":{"0":{"start":{"line":2,"column":0},"end":{"line":2,"column":51}},"1":{"start":{"line":4,"column":0},"end":{"line":4,"column":60}},"2":{"start":{"line":5,"column":0},"end":{"line":5,"column":45}},"3":{"start":{"line":6,"column":0},"end":{"line":6,"column":42}},"4":{"start":{"line":7,"column":0},"end":{"line":7,"column":59}},"5":{"start":{"line":11,"column":11},"end":{"line":11,"column":43}},"6":{"start":{"line":12,"column":11},"end":{"line":12,"column":51}},"7":{"start":{"line":17,"column":11},"end":{"line":45,"column":null}},"8":{"start":{"line":18,"column":8},"end":{"line":44,"column":null}},"9":{"start":{"line":19,"column":102},"end":{"line":19,"column":110}},"10":{"start":{"line":20,"column":37},"end":{"line":20,"column":75}},"11":{"start":{"line":22,"column":12},"end":{"line":41,"column":null}},"12":{"start":{"line":23,"column":39},"end":{"line":23,"column":88}},"13":{"start":{"line":25,"column":42},"end":{"line":32,"column":null}},"14":{"start":{"line":34,"column":41},"end":{"line":34,"column":76}},"15":{"start":{"line":35,"column":14},"end":{"line":35,"column":101}},"16":{"start":{"line":35,"column":46},"end":{"line":35,"column":101}},"17":{"start":{"line":36,"column":27},"end":{"line":36,"column":52}},"18":{"start":{"line":38,"column":14},"end":{"line":38,"column":97}},"19":{"start":{"line":40,"column":16},"end":{"line":40,"column":71}},"20":{"start":{"line":43,"column":12},"end":{"line":43,"column":24}},"21":{"start":{"line":47,"column":11},"end":{"line":68,"column":null}},"22":{"start":{"line":48,"column":8},"end":{"line":67,"column":null}},"23":{"start":{"line":49,"column":53},"end":{"line":49,"column":61}},"24":{"start":{"line":50,"column":37},"end":{"line":50,"column":75}},"25":{"start":{"line":52,"column":12},"end":{"line":64,"column":null}},"26":{"start":{"line":54,"column":34},"end":{"line":54,"column":57}},"27":{"start":{"line":55,"column":34},"end":{"line":55,"column":96}},"28":{"start":{"line":57,"column":12},"end":{"line":57,"column":null}},"29":{"start":{"line":57,"column":34},"end":{"line":57,"column":85}},"30":{"start":{"line":59,"column":63},"end":{"line":59,"column":137}},"31":{"start":{"line":61,"column":12},"end":{"line":61,"column":141}},"32":{"start":{"line":63,"column":16},"end":{"line":63,"column":85}},"33":{"start":{"line":66,"column":12},"end":{"line":66,"column":24}},"34":{"start":{"line":71,"column":0},"end":{"line":71,"column":30}}},"fnMap":{"0":{"name":"(anonymous_0)","decl":{"start":{"line":10,"column":0},"end":{"line":10,"column":6}},"loc":{"start":{"line":10,"column":0},"end":{"line":69,"column":1}}},"1":{"name":"(anonymous_1)","decl":{"start":{"line":17,"column":27},"end":{"line":17,"column":32}},"loc":{"start":{"line":17,"column":100},"end":{"line":45,"column":5}}},"2":{"name":"(anonymous_2)","decl":{"start":{"line":47,"column":27},"end":{"line":47,"column":32}},"loc":{"start":{"line":47,"column":100},"end":{"line":68,"column":5}}}},"branchMap":{"0":{"loc":{"start":{"line":22,"column":12},"end":{"line":41,"column":null}},"type":"if","locations":[{"start":{"line":22,"column":12},"end":{"line":41,"column":null}},{"start":{"line":39,"column":19},"end":{"line":41,"column":null}}]},"1":{"loc":{"start":{"line":22,"column":16},"end":{"line":22,"column":68}},"type":"binary-expr","locations":[{"start":{"line":22,"column":16},"end":{"line":22,"column":40}},{"start":{"line":22,"column":44},"end":{"line":22,"column":68}}]},"2":{"loc":{"start":{"line":35,"column":14},"end":{"line":35,"column":101}},"type":"if","locations":[{"start":{"line":35,"column":14},"end":{"line":35,"column":101}}]},"3":{"loc":{"start":{"line":52,"column":12},"end":{"line":64,"column":null}},"type":"if","locations":[{"start":{"line":52,"column":12},"end":{"line":64,"column":null}},{"start":{"line":62,"column":19},"end":{"line":64,"column":null}}]},"4":{"loc":{"start":{"line":52,"column":16},"end":{"line":52,"column":66}},"type":"binary-expr","locations":[{"start":{"line":52,"column":16},"end":{"line":52,"column":39}},{"start":{"line":52,"column":43},"end":{"line":52,"column":66}}]},"5":{"loc":{"start":{"line":57,"column":12},"end":{"line":57,"column":null}},"type":"if","locations":[{"start":{"line":57,"column":12},"end":{"line":57,"column":null}}]}},"s":{"0":1,"1":1,"2":1,"3":1,"4":1,"5":1,"6":1,"7":1,"8":3,"9":3,"10":3,"11":3,"12":2,"13":2,"14":2,"15":2,"16":1,"17":1,"18":1,"19":1,"20":2,"21":1,"22":3,"23":3,"24":3,"25":3,"26":2,"27":2,"28":2,"29":1,"30":1,"31":1,"32":1,"33":2,"34":1},"f":{"0":1,"1":3,"2":3},"b":{"0":[2,1],"1":[3,2],"2":[1],"3":[2,1],"4":[3,2],"5":[1]}}
,"/Users/macbookair2017/Documents/vzy_test/src/exceptions/HttpException.ts": {"path":"/Users/macbookair2017/Documents/vzy_test/src/exceptions/HttpException.ts","statementMap":{"0":{"start":{"line":6,"column":6},"end":{"line":6,"column":21}},"1":{"start":{"line":7,"column":6},"end":{"line":7,"column":27}},"2":{"start":{"line":8,"column":6},"end":{"line":8,"column":29}},"3":{"start":{"line":1,"column":0},"end":{"line":1,"column":13}}},"fnMap":{"0":{"name":"(anonymous_0)","decl":{"start":{"line":5,"column":4},"end":{"line":5,"column":16}},"loc":{"start":{"line":5,"column":47},"end":{"line":9,"column":5}}}},"branchMap":{},"s":{"0":8,"1":8,"2":8,"3":1},"f":{"0":8},"b":{}}
,"/Users/macbookair2017/Documents/vzy_test/src/models/users.models.ts": {"path":"/Users/macbookair2017/Documents/vzy_test/src/models/users.models.ts","statementMap":{"0":{"start":{"line":1,"column":0},"end":{"line":1,"column":32}},"1":{"start":{"line":3,"column":19},"end":{"line":43,"column":null}},"2":{"start":{"line":46,"column":13},"end":{"line":46,"column":47}},"3":{"start":{"line":48,"column":0},"end":{"line":48,"column":20}}},"fnMap":{},"branchMap":{},"s":{"0":1,"1":1,"2":1,"3":1},"f":{},"b":{}}
,"/Users/macbookair2017/Documents/vzy_test/src/services/auth.service.ts": {"path":"/Users/macbookair2017/Documents/vzy_test/src/services/auth.service.ts","statementMap":{"0":{"start":{"line":1,"column":0},"end":{"line":1,"column":44}},"1":{"start":{"line":2,"column":0},"end":{"line":2,"column":60}},"2":{"start":{"line":4,"column":0},"end":{"line":4,"column":38}},"3":{"start":{"line":5,"column":0},"end":{"line":5,"column":49}},"4":{"start":{"line":6,"column":0},"end":{"line":6,"column":39}},"5":{"start":{"line":7,"column":0},"end":{"line":7,"column":41}},"6":{"start":{"line":11,"column":11},"end":{"line":11,"column":51}},"7":{"start":{"line":14,"column":51},"end":{"line":14,"column":66}},"8":{"start":{"line":15,"column":30},"end":{"line":15,"column":50}},"9":{"start":{"line":16,"column":32},"end":{"line":16,"column":46}},"10":{"start":{"line":17,"column":30},"end":{"line":17,"column":62}},"11":{"start":{"line":18,"column":6},"end":{"line":18,"column":107}},"12":{"start":{"line":22,"column":8},"end":{"line":34,"column":null}},"13":{"start":{"line":23,"column":10},"end":{"line":31,"column":null}},"14":{"start":{"line":24,"column":42},"end":{"line":24,"column":72}},"15":{"start":{"line":25,"column":27},"end":{"line":25,"column":50}},"16":{"start":{"line":26,"column":37},"end":{"line":26,"column":81}},"17":{"start":{"line":28,"column":12},"end":{"line":28,"column":43}},"18":{"start":{"line":30,"column":12},"end":{"line":30,"column":73}},"19":{"start":{"line":33,"column":10},"end":{"line":33,"column":63}},"20":{"start":{"line":38,"column":29},"end":{"line":38,"column":48}},"21":{"start":{"line":39,"column":8},"end":{"line":39,"column":37}},"22":{"start":{"line":43,"column":8},"end":{"line":43,"column":44}},"23":{"start":{"line":47,"column":4},"end":{"line":47,"column":31}}},"fnMap":{"0":{"name":"(anonymous_0)","decl":{"start":{"line":10,"column":0},"end":{"line":10,"column":6}},"loc":{"start":{"line":10,"column":0},"end":{"line":45,"column":5}}},"1":{"name":"(anonymous_1)","decl":{"start":{"line":13,"column":11},"end":{"line":13,"column":22}},"loc":{"start":{"line":13,"column":52},"end":{"line":19,"column":5}}},"2":{"name":"(anonymous_2)","decl":{"start":{"line":21,"column":11},"end":{"line":21,"column":16}},"loc":{"start":{"line":21,"column":45},"end":{"line":35,"column":7}}},"3":{"name":"(anonymous_3)","decl":{"start":{"line":37,"column":13},"end":{"line":37,"column":18}},"loc":{"start":{"line":37,"column":47},"end":{"line":40,"column":7}}},"4":{"name":"(anonymous_4)","decl":{"start":{"line":42,"column":13},"end":{"line":42,"column":18}},"loc":{"start":{"line":42,"column":63},"end":{"line":44,"column":7}}}},"branchMap":{"0":{"loc":{"start":{"line":23,"column":10},"end":{"line":31,"column":null}},"type":"if","locations":[{"start":{"line":23,"column":10},"end":{"line":31,"column":null}},{"start":{"line":29,"column":17},"end":{"line":31,"column":null}}]}},"s":{"0":1,"1":1,"2":1,"3":1,"4":1,"5":1,"6":1,"7":0,"8":0,"9":0,"10":0,"11":0,"12":0,"13":0,"14":0,"15":0,"16":0,"17":0,"18":0,"19":0,"20":0,"21":0,"22":0,"23":1},"f":{"0":1,"1":0,"2":0,"3":0,"4":0},"b":{"0":[0,0]}}
,"/Users/macbookair2017/Documents/vzy_test/src/services/database.service.ts": {"path":"/Users/macbookair2017/Documents/vzy_test/src/services/database.service.ts","statementMap":{"0":{"start":{"line":5,"column":4},"end":{"line":5,"column":23}},"1":{"start":{"line":9,"column":4},"end":{"line":14,"column":null}},"2":{"start":{"line":10,"column":21},"end":{"line":10,"column":53}},"3":{"start":{"line":11,"column":6},"end":{"line":11,"column":38}},"4":{"start":{"line":13,"column":6},"end":{"line":13,"column":38}},"5":{"start":{"line":18,"column":4},"end":{"line":27,"column":null}},"6":{"start":{"line":19,"column":21},"end":{"line":19,"column":52}},"7":{"start":{"line":20,"column":6},"end":{"line":24,"column":null}},"8":{"start":{"line":21,"column":8},"end":{"line":21,"column":40}},"9":{"start":{"line":22,"column":13},"end":{"line":24,"column":null}},"10":{"start":{"line":23,"column":8},"end":{"line":23,"column":41}},"11":{"start":{"line":26,"column":6},"end":{"line":26,"column":38}},"12":{"start":{"line":31,"column":4},"end":{"line":40,"column":null}},"13":{"start":{"line":32,"column":21},"end":{"line":32,"column":79}},"14":{"start":{"line":33,"column":6},"end":{"line":37,"column":null}},"15":{"start":{"line":34,"column":8},"end":{"line":34,"column":40}},"16":{"start":{"line":35,"column":13},"end":{"line":37,"column":null}},"17":{"start":{"line":36,"column":8},"end":{"line":36,"column":41}},"18":{"start":{"line":39,"column":6},"end":{"line":39,"column":38}},"19":{"start":{"line":44,"column":4},"end":{"line":49,"column":null}},"20":{"start":{"line":45,"column":6},"end":{"line":45,"column":49}},"21":{"start":{"line":46,"column":6},"end":{"line":46,"column":30}},"22":{"start":{"line":48,"column":6},"end":{"line":48,"column":38}},"23":{"start":{"line":53,"column":4},"end":{"line":63,"column":null}},"24":{"start":{"line":54,"column":23},"end":{"line":54,"column":56}},"25":{"start":{"line":55,"column":8},"end":{"line":60,"column":null}},"26":{"start":{"line":56,"column":12},"end":{"line":56,"column":36}},"27":{"start":{"line":59,"column":12},"end":{"line":59,"column":66}},"28":{"start":{"line":62,"column":8},"end":{"line":62,"column":40}},"29":{"start":{"line":68,"column":0},"end":{"line":68,"column":31}}},"fnMap":{"0":{"name":"(anonymous_0)","decl":{"start":{"line":4,"column":2},"end":{"line":4,"column":14}},"loc":{"start":{"line":4,"column":24},"end":{"line":6,"column":3}}},"1":{"name":"(anonymous_1)","decl":{"start":{"line":8,"column":9},"end":{"line":8,"column":14}},"loc":{"start":{"line":8,"column":29},"end":{"line":15,"column":3}}},"2":{"name":"(anonymous_2)","decl":{"start":{"line":17,"column":9},"end":{"line":17,"column":14}},"loc":{"start":{"line":17,"column":25},"end":{"line":28,"column":3}}},"3":{"name":"(anonymous_3)","decl":{"start":{"line":30,"column":9},"end":{"line":30,"column":14}},"loc":{"start":{"line":30,"column":62},"end":{"line":41,"column":3}}},"4":{"name":"(anonymous_4)","decl":{"start":{"line":43,"column":9},"end":{"line":43,"column":14}},"loc":{"start":{"line":43,"column":36},"end":{"line":50,"column":3}}},"5":{"name":"(anonymous_5)","decl":{"start":{"line":52,"column":9},"end":{"line":52,"column":14}},"loc":{"start":{"line":52,"column":27},"end":{"line":64,"column":1}}}},"branchMap":{"0":{"loc":{"start":{"line":20,"column":6},"end":{"line":24,"column":null}},"type":"if","locations":[{"start":{"line":20,"column":6},"end":{"line":24,"column":null}},{"start":{"line":22,"column":13},"end":{"line":24,"column":null}}]},"1":{"loc":{"start":{"line":22,"column":13},"end":{"line":24,"column":null}},"type":"if","locations":[{"start":{"line":22,"column":13},"end":{"line":24,"column":null}}]},"2":{"loc":{"start":{"line":30,"column":23},"end":{"line":30,"column":35}},"type":"default-arg","locations":[{"start":{"line":30,"column":31},"end":{"line":30,"column":35}}]},"3":{"loc":{"start":{"line":30,"column":37},"end":{"line":30,"column":48}},"type":"default-arg","locations":[{"start":{"line":30,"column":44},"end":{"line":30,"column":48}}]},"4":{"loc":{"start":{"line":30,"column":50},"end":{"line":30,"column":62}},"type":"default-arg","locations":[{"start":{"line":30,"column":58},"end":{"line":30,"column":62}}]},"5":{"loc":{"start":{"line":33,"column":6},"end":{"line":37,"column":null}},"type":"if","locations":[{"start":{"line":33,"column":6},"end":{"line":37,"column":null}},{"start":{"line":35,"column":13},"end":{"line":37,"column":null}}]},"6":{"loc":{"start":{"line":35,"column":13},"end":{"line":37,"column":null}},"type":"if","locations":[{"start":{"line":35,"column":13},"end":{"line":37,"column":null}}]},"7":{"loc":{"start":{"line":55,"column":8},"end":{"line":60,"column":null}},"type":"if","locations":[{"start":{"line":55,"column":8},"end":{"line":60,"column":null}},{"start":{"line":57,"column":15},"end":{"line":60,"column":null}}]}},"s":{"0":0,"1":0,"2":0,"3":0,"4":0,"5":0,"6":0,"7":0,"8":0,"9":0,"10":0,"11":0,"12":0,"13":0,"14":0,"15":0,"16":0,"17":0,"18":0,"19":0,"20":0,"21":0,"22":0,"23":0,"24":0,"25":0,"26":0,"27":0,"28":0,"29":1},"f":{"0":0,"1":0,"2":0,"3":0,"4":0,"5":0},"b":{"0":[0,0],"1":[0],"2":[0],"3":[0],"4":[0],"5":[0,0],"6":[0],"7":[0,0]}}
}
