TN:
SF:src/config/index.ts
FNF:0
FNH:0
DA:1,1
DA:2,1
DA:4,1
DA:6,1
DA:7,1
DA:8,1
DA:9,1
DA:10,1
DA:11,1
DA:12,1
LF:10
LH:10
BRDA:2,0,0,1
BRDA:2,0,1,0
BRF:2
BRH:1
end_of_record
TN:
SF:src/controllers/auth.controller.ts
FN:10,(anonymous_0)
FN:17,(anonymous_1)
FN:47,(anonymous_2)
FNF:3
FNH:3
FNDA:1,(anonymous_0)
FNDA:3,(anonymous_1)
FNDA:3,(anonymous_2)
DA:2,1
DA:4,1
DA:5,1
DA:6,1
DA:7,1
DA:11,1
DA:12,1
DA:17,1
DA:18,3
DA:19,3
DA:20,3
DA:22,3
DA:23,2
DA:25,2
DA:34,2
DA:35,2
DA:36,1
DA:38,1
DA:40,1
DA:43,2
DA:47,1
DA:48,3
DA:49,3
DA:50,3
DA:52,3
DA:54,2
DA:55,2
DA:57,2
DA:59,1
DA:61,1
DA:63,1
DA:66,2
DA:71,1
LF:33
LH:33
BRDA:22,0,0,2
BRDA:22,0,1,1
BRDA:22,1,0,3
BRDA:22,1,1,2
BRDA:35,2,0,1
BRDA:52,3,0,2
BRDA:52,3,1,1
BRDA:52,4,0,3
BRDA:52,4,1,2
BRDA:57,5,0,1
BRF:10
BRH:10
end_of_record
TN:
SF:src/exceptions/HttpException.ts
FN:5,(anonymous_0)
FNF:1
FNH:1
FNDA:8,(anonymous_0)
DA:1,1
DA:6,8
DA:7,8
DA:8,8
LF:4
LH:4
BRF:0
BRH:0
end_of_record
TN:
SF:src/models/users.models.ts
FNF:0
FNH:0
DA:1,1
DA:3,1
DA:46,1
DA:48,1
LF:4
LH:4
BRF:0
BRH:0
end_of_record
TN:
SF:src/services/auth.service.ts
FN:10,(anonymous_0)
FN:13,(anonymous_1)
FN:21,(anonymous_2)
FN:37,(anonymous_3)
FN:42,(anonymous_4)
FNF:5
FNH:1
FNDA:1,(anonymous_0)
FNDA:0,(anonymous_1)
FNDA:0,(anonymous_2)
FNDA:0,(anonymous_3)
FNDA:0,(anonymous_4)
DA:1,1
DA:2,1
DA:4,1
DA:5,1
DA:6,1
DA:7,1
DA:11,1
DA:14,0
DA:15,0
DA:16,0
DA:17,0
DA:18,0
DA:22,0
DA:23,0
DA:24,0
DA:25,0
DA:26,0
DA:28,0
DA:30,0
DA:33,0
DA:38,0
DA:39,0
DA:43,0
DA:47,1
LF:24
LH:8
BRDA:23,0,0,0
BRDA:23,0,1,0
BRF:2
BRH:0
end_of_record
TN:
SF:src/services/database.service.ts
FN:4,(anonymous_0)
FN:8,(anonymous_1)
FN:17,(anonymous_2)
FN:30,(anonymous_3)
FN:43,(anonymous_4)
FN:52,(anonymous_5)
FNF:6
FNH:0
FNDA:0,(anonymous_0)
FNDA:0,(anonymous_1)
FNDA:0,(anonymous_2)
FNDA:0,(anonymous_3)
FNDA:0,(anonymous_4)
FNDA:0,(anonymous_5)
DA:5,0
DA:9,0
DA:10,0
DA:11,0
DA:13,0
DA:18,0
DA:19,0
DA:20,0
DA:21,0
DA:22,0
DA:23,0
DA:26,0
DA:31,0
DA:32,0
DA:33,0
DA:34,0
DA:35,0
DA:36,0
DA:39,0
DA:44,0
DA:45,0
DA:46,0
DA:48,0
DA:53,0
DA:54,0
DA:55,0
DA:56,0
DA:59,0
DA:62,0
DA:68,1
LF:30
LH:1
BRDA:20,0,0,0
BRDA:20,0,1,0
BRDA:22,1,0,0
BRDA:30,2,0,0
BRDA:30,3,0,0
BRDA:30,4,0,0
BRDA:33,5,0,0
BRDA:33,5,1,0
BRDA:35,6,0,0
BRDA:55,7,0,0
BRDA:55,7,1,0
BRF:11
BRH:0
end_of_record
